<?xml version="1.0" encoding="UTF-8"?>
<!-- Generated by org.testng.reporters.JUnitXMLReporter -->
<testsuite ignored="0" hostname="Ganapati" failures="1" tests="2" name="Test1" time="49.922" errors="0" timestamp="2022-09-16T01:03:35 IST">
  <testcase classname="com.nopcommerceV2.testcases.TC_LoginTest_001" name="loginTest" time="44.642"/>
  <testcase classname="com.nopcommerceV2.testcases.TC_AddCustomerTest_003" name="addNewCustomer" time="1.439">
    <failure type="java.lang.NullPointerException" message="Cannot invoke &amp;quot;org.openqa.selenium.WebDriver.findElement(org.openqa.selenium.By)&amp;quot; because &amp;quot;this.ldriver&amp;quot; is null">
      <![CDATA[java.lang.NullPointerException: Cannot invoke "org.openqa.selenium.WebDriver.findElement(org.openqa.selenium.By)" because "this.ldriver" is null
at com.nopcommerceV2.pageobjects.AddCustomerPage.clickOnCustomersMenu(AddCustomerPage.java:60)
at com.nopcommerceV2.testcases.TC_AddCustomerTest_003.addNewCustomer(TC_AddCustomerTest_003.java:27)
at java.base/java.util.ArrayList.forEach(ArrayList.java:1511)
... Removed 27 stack frames]]>
    </failure>
  </testcase> <!-- addNewCustomer -->
</testsuite> <!-- Test1 -->
